E:\编程\C,C++\贪吃蛇AI\SNACK AI\CONSOLEAPPLICATION1\DEBUG\A_STAR.OBJ
E:\编程\C,C++\贪吃蛇AI\SNACK AI\CONSOLEAPPLICATION1\DEBUG\BINARY_HEAP.OBJ
E:\编程\C,C++\贪吃蛇AI\SNACK AI\CONSOLEAPPLICATION1\DEBUG\DFS.OBJ
E:\编程\C,C++\贪吃蛇AI\SNACK AI\CONSOLEAPPLICATION1\DEBUG\SNACK_AI.OBJ
E:\编程\C,C++\贪吃蛇AI\SNACK AI\CONSOLEAPPLICATION1\DEBUG\SNACK_GAME.OBJ
E:\编程\C,C++\贪吃蛇AI\SNACK AI\CONSOLEAPPLICATION1\DEBUG\MAIN.OBJ
E:\编程\C,C++\贪吃蛇AI\SNACK AI\CONSOLEAPPLICATION1\DEBUG\VC110.PDB
E:\编程\C,C++\贪吃蛇AI\snack AI\ConsoleApplication1\Debug\A_star.obj
E:\编程\C,C++\贪吃蛇AI\snack AI\ConsoleApplication1\Debug\binary_heap.obj
E:\编程\C,C++\贪吃蛇AI\snack AI\ConsoleApplication1\Debug\dfs.obj
E:\编程\C,C++\贪吃蛇AI\snack AI\ConsoleApplication1\Debug\main.obj
E:\编程\C,C++\贪吃蛇AI\snack AI\ConsoleApplication1\Debug\snack_AI.obj
E:\编程\C,C++\贪吃蛇AI\snack AI\ConsoleApplication1\Debug\snack_game.obj
E:\编程\C,C++\贪吃蛇AI\snack AI\ConsoleApplication1\Debug\cl.command.1.tlog
E:\编程\C,C++\贪吃蛇AI\snack AI\ConsoleApplication1\Debug\CL.read.1.tlog
E:\编程\C,C++\贪吃蛇AI\snack AI\ConsoleApplication1\Debug\CL.write.1.tlog
E:\编程\C,C++\贪吃蛇AI\snack AI\ConsoleApplication1\Debug\link-cvtres.read.1.tlog
E:\编程\C,C++\贪吃蛇AI\snack AI\ConsoleApplication1\Debug\link-cvtres.write.1.tlog
E:\编程\C,C++\贪吃蛇AI\snack AI\ConsoleApplication1\Debug\link-rc.read.1.tlog
E:\编程\C,C++\贪吃蛇AI\snack AI\ConsoleApplication1\Debug\link-rc.write.1.tlog
E:\编程\C,C++\贪吃蛇AI\snack AI\ConsoleApplication1\Debug\link.command.1.tlog
E:\编程\C,C++\贪吃蛇AI\snack AI\ConsoleApplication1\Debug\link.read.1.tlog
E:\编程\C,C++\贪吃蛇AI\snack AI\ConsoleApplication1\Debug\link.write.1.tlog
E:\编程\C,C++\贪吃蛇AI\snack AI\ConsoleApplication1\Debug\vc110.idb
E:\编程\C,C++\贪吃蛇AI\snack AI\ConsoleApplication1\Debug\vc110.pdb
