E:\编程\C,C++\贪吃蛇AI\CONSOLEAPPLICATION1\CONSOLEAPPLICATION1\DEBUG\SNACK_GAME.OBJ
E:\编程\C,C++\贪吃蛇AI\CONSOLEAPPLICATION1\CONSOLEAPPLICATION1\DEBUG\VC110.PDB
E:\编程\C,C++\贪吃蛇AI\CONSOLEAPPLICATION1\DEBUG\CONSOLEAPPLICATION1.ILK
E:\编程\C,C++\贪吃蛇AI\CONSOLEAPPLICATION1\DEBUG\CONSOLEAPPLICATION1.EXE
E:\编程\C,C++\贪吃蛇AI\CONSOLEAPPLICATION1\DEBUG\CONSOLEAPPLICATION1.PDB
E:\编程\C,C++\贪吃蛇AI\ConsoleApplication1\ConsoleApplication1\Debug\snack_game.obj
E:\编程\C,C++\贪吃蛇AI\ConsoleApplication1\ConsoleApplication1\Debug\cl.command.1.tlog
E:\编程\C,C++\贪吃蛇AI\ConsoleApplication1\ConsoleApplication1\Debug\CL.read.1.tlog
E:\编程\C,C++\贪吃蛇AI\ConsoleApplication1\ConsoleApplication1\Debug\CL.write.1.tlog
E:\编程\C,C++\贪吃蛇AI\ConsoleApplication1\ConsoleApplication1\Debug\link-cvtres.read.1.tlog
E:\编程\C,C++\贪吃蛇AI\ConsoleApplication1\ConsoleApplication1\Debug\link-cvtres.write.1.tlog
E:\编程\C,C++\贪吃蛇AI\ConsoleApplication1\ConsoleApplication1\Debug\link-rc.read.1.tlog
E:\编程\C,C++\贪吃蛇AI\ConsoleApplication1\ConsoleApplication1\Debug\link-rc.write.1.tlog
E:\编程\C,C++\贪吃蛇AI\ConsoleApplication1\ConsoleApplication1\Debug\link.command.1.tlog
E:\编程\C,C++\贪吃蛇AI\ConsoleApplication1\ConsoleApplication1\Debug\link.read.1.tlog
E:\编程\C,C++\贪吃蛇AI\ConsoleApplication1\ConsoleApplication1\Debug\link.write.1.tlog
E:\编程\C,C++\贪吃蛇AI\ConsoleApplication1\ConsoleApplication1\Debug\vc110.idb
E:\编程\C,C++\贪吃蛇AI\ConsoleApplication1\ConsoleApplication1\Debug\vc110.pdb
E:\编程\C,C++\贪吃蛇AI\ConsoleApplication1\Debug\ConsoleApplication1.pdb
E:\编程\C,C++\贪吃蛇AI\ConsoleApplication1\Debug\ConsoleApplication1.exe
E:\编程\C,C++\贪吃蛇AI\ConsoleApplication1\Debug\ConsoleApplication1.ilk
